<?xml version="1.0" encoding="UTF-8" ?>
<testsuite failures="1" time="0.245" errors="0" skipped="9" tests="15" name="it.polimi.dinosaursisland.GameControllerTest">
  <properties>
    <property name="java.runtime.name" value="Java(TM) SE Runtime Environment"/>
    <property name="sun.boot.library.path" value="C:\Program Files\Java\jdk1.6.0_24\jre\bin"/>
    <property name="java.vm.version" value="19.1-b02"/>
    <property name="java.vm.vendor" value="Sun Microsystems Inc."/>
    <property name="java.vendor.url" value="http://java.sun.com/"/>
    <property name="path.separator" value=";"/>
    <property name="java.vm.name" value="Java HotSpot(TM) 64-Bit Server VM"/>
    <property name="file.encoding.pkg" value="sun.io"/>
    <property name="user.country" value="IT"/>
    <property name="sun.java.launcher" value="SUN_STANDARD"/>
    <property name="sun.os.patch.level" value=""/>
    <property name="test" value="GameControllerTest"/>
    <property name="java.vm.specification.name" value="Java Virtual Machine Specification"/>
    <property name="user.dir" value="C:\Users\Giacomo\Documents\NetBeansProjects\DinosaursIsland"/>
    <property name="java.runtime.version" value="1.6.0_24-b07"/>
    <property name="java.awt.graphicsenv" value="sun.awt.Win32GraphicsEnvironment"/>
    <property name="basedir" value="C:\Users\Giacomo\Documents\NetBeansProjects\DinosaursIsland"/>
    <property name="java.endorsed.dirs" value="C:\Program Files\Java\jdk1.6.0_24\jre\lib\endorsed"/>
    <property name="os.arch" value="amd64"/>
    <property name="surefire.real.class.path" value="C:\Users\Giacomo\Documents\NetBeansProjects\DinosaursIsland\target\surefire\surefirebooter1742775688782380987.jar"/>
    <property name="java.io.tmpdir" value="C:\Users\Giacomo\AppData\Local\Temp\"/>
    <property name="line.separator" value="
"/>
    <property name="java.vm.specification.vendor" value="Sun Microsystems Inc."/>
    <property name="user.variant" value=""/>
    <property name="os.name" value="Windows 7"/>
    <property name="sun.jnu.encoding" value="Cp1252"/>
    <property name="java.library.path" value="C:\Program Files\Java\jdk1.6.0_24\jre\bin;.;C:\Windows\Sun\Java\bin;C:\Windows\system32;C:\Windows;C:\Program Files\Common Files\Microsoft Shared\Windows Live;C:\Program Files (x86)\Common Files\Microsoft Shared\Windows Live;C:\Windows\system32;C:\Windows;C:\Windows\System32\Wbem;C:\Windows\System32\WindowsPowerShell\v1.0\;C:\Program Files (x86)\Windows Live\Shared;C:\Program Files (x86)\ATI Technologies\ATI.ACE\Core-Static;C:\Program Files (x86)\QuickTime\QTSystem\"/>
    <property name="surefire.test.class.path" value="C:\Users\Giacomo\Documents\NetBeansProjects\DinosaursIsland\target\test-classes;C:\Users\Giacomo\Documents\NetBeansProjects\DinosaursIsland\target\classes;C:\Users\Giacomo\.m2\repository\junit\junit\4.8.2\junit-4.8.2.jar;"/>
    <property name="java.specification.name" value="Java Platform API Specification"/>
    <property name="java.class.version" value="50.0"/>
    <property name="sun.management.compiler" value="HotSpot 64-Bit Server Compiler"/>
    <property name="os.version" value="6.1"/>
    <property name="user.home" value="C:\Users\Giacomo"/>
    <property name="user.timezone" value=""/>
    <property name="java.awt.printerjob" value="sun.awt.windows.WPrinterJob"/>
    <property name="java.specification.version" value="1.6"/>
    <property name="file.encoding" value="Cp1252"/>
    <property name="user.name" value="Giacomo"/>
    <property name="java.class.path" value="C:\Users\Giacomo\Documents\NetBeansProjects\DinosaursIsland\target\test-classes;C:\Users\Giacomo\Documents\NetBeansProjects\DinosaursIsland\target\classes;C:\Users\Giacomo\.m2\repository\junit\junit\4.8.2\junit-4.8.2.jar;"/>
    <property name="java.vm.specification.version" value="1.0"/>
    <property name="sun.arch.data.model" value="64"/>
    <property name="java.home" value="C:\Program Files\Java\jdk1.6.0_24\jre"/>
    <property name="java.specification.vendor" value="Sun Microsystems Inc."/>
    <property name="user.language" value="it"/>
    <property name="awt.toolkit" value="sun.awt.windows.WToolkit"/>
    <property name="java.vm.info" value="mixed mode"/>
    <property name="java.version" value="1.6.0_24"/>
    <property name="java.ext.dirs" value="C:\Program Files\Java\jdk1.6.0_24\jre\lib\ext;C:\Windows\Sun\Java\lib\ext"/>
    <property name="sun.boot.class.path" value="C:\Program Files\Java\jdk1.6.0_24\jre\lib\resources.jar;C:\Program Files\Java\jdk1.6.0_24\jre\lib\rt.jar;C:\Program Files\Java\jdk1.6.0_24\jre\lib\sunrsasign.jar;C:\Program Files\Java\jdk1.6.0_24\jre\lib\jsse.jar;C:\Program Files\Java\jdk1.6.0_24\jre\lib\jce.jar;C:\Program Files\Java\jdk1.6.0_24\jre\lib\charsets.jar;C:\Program Files\Java\jdk1.6.0_24\jre\lib\modules\jdk.boot.jar;C:\Program Files\Java\jdk1.6.0_24\jre\classes"/>
    <property name="java.vendor" value="Sun Microsystems Inc."/>
    <property name="localRepository" value="C:\Users\Giacomo\.m2\repository"/>
    <property name="file.separator" value="\"/>
    <property name="java.vendor.url.bug" value="http://java.sun.com/cgi-bin/bugreport.cgi"/>
    <property name="sun.cpu.endian" value="little"/>
    <property name="sun.io.unicode.encoding" value="UnicodeLittle"/>
    <property name="sun.desktop" value="windows"/>
    <property name="sun.cpu.isalist" value="amd64"/>
  </properties>
  <testcase time="0.002" classname="it.polimi.dinosaursisland.GameControllerTest" name="findTypeTest1"/>
  <testcase time="0.001" classname="it.polimi.dinosaursisland.GameControllerTest" name="findTypeByNameTest1"/>
  <testcase time="0" classname="it.polimi.dinosaursisland.GameControllerTest" name="findDinoByNameTest1"/>
  <testcase time="0" classname="it.polimi.dinosaursisland.GameControllerTest" name="findPlayerTest1"/>
  <testcase time="0.001" classname="it.polimi.dinosaursisland.GameControllerTest" name="findPlayerByNameTest1"/>
  <testcase time="0.002" classname="it.polimi.dinosaursisland.GameControllerTest" name="findTypeTest">
    <skipped/>
  </testcase>
  <testcase time="0.002" classname="it.polimi.dinosaursisland.GameControllerTest" name="findTypeByNameTest">
    <skipped/>
  </testcase>
  <testcase time="0.002" classname="it.polimi.dinosaursisland.GameControllerTest" name="findPlayerTest">
    <skipped/>
  </testcase>
  <testcase time="0.003" classname="it.polimi.dinosaursisland.GameControllerTest" name="findPlayerByNameTest">
    <skipped/>
  </testcase>
  <testcase time="0.003" classname="it.polimi.dinosaursisland.GameControllerTest" name="findDinoByNameTest">
    <skipped/>
  </testcase>
  <testcase time="0.003" classname="it.polimi.dinosaursisland.GameControllerTest" name="moveTest1">
    <skipped/>
  </testcase>
  <testcase time="0.003" classname="it.polimi.dinosaursisland.GameControllerTest" name="moveTest2">
    <skipped/>
  </testcase>
  <testcase time="0.003" classname="it.polimi.dinosaursisland.GameControllerTest" name="moveTest3">
    <skipped/>
  </testcase>
  <testcase time="0.004" classname="it.polimi.dinosaursisland.GameControllerTest" name="moveTest4">
    <skipped/>
  </testcase>
  <testcase time="0.005" classname="it.polimi.dinosaursisland.GameControllerTest" name="moveTest5">
    <failure message="Expected exception: it.polimi.dinosaursisland.exceptions.FightException" type="java.lang.AssertionError">java.lang.AssertionError: Expected exception: it.polimi.dinosaursisland.exceptions.FightException
	at org.junit.internal.runners.statements.ExpectException.evaluate(ExpectException.java:32)
	at org.junit.runners.BlockJUnit4ClassRunner.runNotIgnored(BlockJUnit4ClassRunner.java:79)
	at org.junit.runners.BlockJUnit4ClassRunner.runChild(BlockJUnit4ClassRunner.java:71)
	at org.junit.runners.BlockJUnit4ClassRunner.runChild(BlockJUnit4ClassRunner.java:49)
	at org.junit.runners.ParentRunner$3.run(ParentRunner.java:193)
	at org.junit.runners.ParentRunner$1.schedule(ParentRunner.java:52)
	at org.junit.runners.ParentRunner.runChildren(ParentRunner.java:191)
	at org.junit.runners.ParentRunner.access$000(ParentRunner.java:42)
	at org.junit.runners.ParentRunner$2.evaluate(ParentRunner.java:184)
	at org.junit.internal.runners.statements.RunBefores.evaluate(RunBefores.java:28)
	at org.junit.runners.ParentRunner.run(ParentRunner.java:236)
	at org.apache.maven.surefire.junit4.JUnit4TestSet.execute(JUnit4TestSet.java:35)
	at org.apache.maven.surefire.junit4.JUnit4Provider.executeTestSet(JUnit4Provider.java:115)
	at org.apache.maven.surefire.junit4.JUnit4Provider.invoke(JUnit4Provider.java:97)
	at sun.reflect.NativeMethodAccessorImpl.invoke0(Native Method)
	at sun.reflect.NativeMethodAccessorImpl.invoke(NativeMethodAccessorImpl.java:39)
	at sun.reflect.DelegatingMethodAccessorImpl.invoke(DelegatingMethodAccessorImpl.java:25)
	at java.lang.reflect.Method.invoke(Method.java:597)
	at org.apache.maven.surefire.booter.ProviderFactory$ClassLoaderProxy.invoke(ProviderFactory.java:103)
	at $Proxy0.invoke(Unknown Source)
	at org.apache.maven.surefire.booter.SurefireStarter.invokeProvider(SurefireStarter.java:150)
	at org.apache.maven.surefire.booter.SurefireStarter.runSuitesInProcess(SurefireStarter.java:91)
	at org.apache.maven.surefire.booter.ForkedBooter.main(ForkedBooter.java:69)
</failure>
    <system-out>7
5
</system-out>
  </testcase>
</testsuite>